<?xml version="1.0" encoding="UTF-8"?>
<!-- Generated by org.testng.reporters.JUnitReportReporter -->
<testsuite hostname="DESKTOP-7HVNTQK" failures="0" tests="3" name="TestngPractice.Dataproviderex03" time="124.255" errors="0" timestamp="2024-12-10T15:21:43 IST" skipped="0">
  <testcase classname="TestngPractice.Dataproviderex03" name="OrganizationModuleTEst" time="40.562"/>
  <system-out/>
  <testcase classname="TestngPractice.Dataproviderex03" name="OrganizationModuleTEst" time="45.312"/>
  <system-out/>
  <testcase classname="TestngPractice.Dataproviderex03" name="OrganizationModuleTEst" time="38.381"/>
  <system-out/>
</testsuite> <!-- TestngPractice.Dataproviderex03 -->
