<?xml version="1.0" encoding="UTF-8"?>
<!-- Generated by org.testng.reporters.JUnitReportReporter -->
<testsuite hostname="DESKTOP-7HVNTQK" failures="0" tests="3" name="TestngPractice.Sampletest1" time="0.028" errors="0" timestamp="2024-12-18T12:07:45 IST" skipped="0">
  <testcase classname="TestngPractice.Sampletest1" name="modifycontact" time="0.003"/>
  <system-out/>
  <testcase classname="TestngPractice.Sampletest1" name="createcontact" time="0.018"/>
  <system-out/>
  <testcase classname="TestngPractice.Sampletest1" name="deletecontact" time="0.007"/>
  <system-out/>
</testsuite> <!-- TestngPractice.Sampletest1 -->
