<?xml version="1.0" encoding="UTF-8"?>
<!-- Generated by org.testng.reporters.JUnitReportReporter -->
<testsuite hostname="DESKTOP-7HVNTQK" failures="0" tests="3" name="TestngPractice.Dataproviderex02" time="0.056" errors="0" timestamp="2024-12-10T14:52:03 IST" skipped="0">
  <testcase classname="TestngPractice.Dataproviderex02" name="BookTickets" time="0.009"/>
  <system-out/>
  <testcase classname="TestngPractice.Dataproviderex02" name="BookTickets" time="0.007"/>
  <system-out/>
  <testcase classname="TestngPractice.Dataproviderex02" name="BookTickets" time="0.040"/>
  <system-out/>
</testsuite> <!-- TestngPractice.Dataproviderex02 -->
