<?xml version="1.0" encoding="UTF-8"?>
<!-- Generated by org.testng.reporters.JUnitReportReporter -->
<testsuite hostname="DESKTOP-7HVNTQK" failures="0" tests="1" name="organization.Create_Organization01Test" time="28.449" errors="0" timestamp="2024-12-20T11:34:28 IST" skipped="0">
  <testcase classname="organization.Create_Organization01Test" name="Create_Organization01Test" time="28.449"/>
  <system-out/>
</testsuite> <!-- organization.Create_Organization01Test -->
