<?xml version="1.0" encoding="UTF-8"?>
<!-- Generated by org.testng.reporters.JUnitReportReporter -->
<testsuite hostname="DESKTOP-7HVNTQK" failures="0" tests="2" name="Testng.DataProviderex1" time="0.032" errors="0" timestamp="2024-11-24T21:27:20 IST" skipped="0">
  <testcase classname="Testng.DataProviderex1" name="bookTicket" time="0.029"/>
  <system-out/>
  <testcase classname="Testng.DataProviderex1" name="bookTicket" time="0.003"/>
  <system-out/>
</testsuite> <!-- Testng.DataProviderex1 -->
