<?xml version="1.0" encoding="UTF-8"?>
<!-- Generated by org.testng.reporters.JUnitReportReporter -->
<testsuite hostname="DESKTOP-7HVNTQK" failures="0" tests="1" name="CreateCampaign.Create_Campaign01" time="0.024" errors="1" timestamp="2024-12-19T09:23:08 IST" skipped="0">
  <testcase classname="CreateCampaign.Create_Campaign01" name="Create_Campaign01Test" time="0.024">
    <error message="Unresolved compilation problems: 
	driver cannot be resolved
	driver cannot be resolved to a variable
	driver cannot be resolved to a variable
	driver cannot be resolved to a variable
	driver cannot be resolved to a variable
	driver cannot be resolved to a variable
	driver cannot be resolved to a variable
	driver cannot be resolved
" type="java.lang.Error">
      <![CDATA[java.lang.Error: Unresolved compilation problems: 
driver cannot be resolved
driver cannot be resolved to a variable
driver cannot be resolved to a variable
driver cannot be resolved to a variable
driver cannot be resolved to a variable
driver cannot be resolved to a variable
driver cannot be resolved to a variable
driver cannot be resolved

at CreateCampaign.Create_Campaign01.Create_Campaign01Test(Create_Campaign01.java:54)
at java.base/jdk.internal.reflect.DirectMethodHandleAccessor.invoke(DirectMethodHandleAccessor.java:103)
at java.base/java.lang.reflect.Method.invoke(Method.java:580)
at org.testng.internal.MethodInvocationHelper.invokeMethod(MethodInvocationHelper.java:133)
at org.testng.internal.TestInvoker.invokeMethod(TestInvoker.java:598)
at org.testng.internal.TestInvoker.invokeTestMethod(TestInvoker.java:173)
at org.testng.internal.MethodRunner.runInSequence(MethodRunner.java:46)
at org.testng.internal.TestInvoker$MethodInvocationAgent.invoke(TestInvoker.java:824)
at org.testng.internal.TestInvoker.invokeTestMethods(TestInvoker.java:146)
at org.testng.internal.TestMethodWorker.invokeTestMethods(TestMethodWorker.java:146)
at org.testng.internal.TestMethodWorker.run(TestMethodWorker.java:128)
at java.base/java.util.ArrayList.forEach(ArrayList.java:1597)
at org.testng.TestRunner.privateRun(TestRunner.java:794)
at org.testng.TestRunner.run(TestRunner.java:596)
at org.testng.SuiteRunner.runTest(SuiteRunner.java:377)
at org.testng.SuiteRunner.runSequentially(SuiteRunner.java:371)
at org.testng.SuiteRunner.privateRun(SuiteRunner.java:332)
at org.testng.SuiteRunner.run(SuiteRunner.java:276)
at org.testng.SuiteRunnerWorker.runSuite(SuiteRunnerWorker.java:53)
at org.testng.SuiteRunnerWorker.run(SuiteRunnerWorker.java:96)
at org.testng.TestNG.runSuitesSequentially(TestNG.java:1212)
at org.testng.TestNG.runSuitesLocally(TestNG.java:1134)
at org.testng.TestNG.runSuites(TestNG.java:1063)
at org.testng.TestNG.run(TestNG.java:1031)
at org.testng.remote.AbstractRemoteTestNG.run(AbstractRemoteTestNG.java:115)
at org.testng.remote.RemoteTestNG.initAndRun(RemoteTestNG.java:293)
at org.testng.remote.RemoteTestNG.main(RemoteTestNG.java:91)
]]>
    </error>
  </testcase> <!-- Create_Campaign01Test -->
  <system-out/>
</testsuite> <!-- CreateCampaign.Create_Campaign01 -->
