<?xml version="1.0" encoding="UTF-8"?>
<!-- Generated by org.testng.reporters.JUnitReportReporter -->
<testsuite hostname="DESKTOP-7HVNTQK" failures="0" tests="1" name="Product.Createproductanddeleteproduct" time="33.182" errors="0" timestamp="2024-12-20T11:32:55 IST" skipped="0">
  <testcase classname="Product.Createproductanddeleteproduct" name="CreateproductanddeleteproductTest" time="33.182"/>
  <system-out/>
</testsuite> <!-- Product.Createproductanddeleteproduct -->
