<?xml version="1.0" encoding="UTF-8"?>
<!-- Generated by org.testng.reporters.JUnitReportReporter -->
<testsuite hostname="DESKTOP-7HVNTQK" failures="0" tests="2" name="TestngPractice.DataProviderex1" time="0.036" errors="0" timestamp="2024-12-10T14:05:47 IST" skipped="0">
  <testcase classname="TestngPractice.DataProviderex1" name="bookTicket" time="0.027"/>
  <system-out/>
  <testcase classname="TestngPractice.DataProviderex1" name="bookTicket" time="0.009"/>
  <system-out/>
</testsuite> <!-- TestngPractice.DataProviderex1 -->
