<?xml version="1.0" encoding="UTF-8"?>
<!-- Generated by org.testng.reporters.JUnitReportReporter -->
<testsuite hostname="DESKTOP-7HVNTQK" failures="0" tests="2" name="TestngPractice.DataProvider01" time="0.034" errors="0" timestamp="2024-12-10T14:23:03 IST" skipped="0">
  <testcase classname="TestngPractice.DataProvider01" name="BookTickets" time="0.032"/>
  <system-out/>
  <testcase classname="TestngPractice.DataProvider01" name="BookTickets" time="0.002"/>
  <system-out/>
</testsuite> <!-- TestngPractice.DataProvider01 -->
