<?xml version="1.0" encoding="UTF-8"?>
<!-- Generated by org.testng.reporters.JUnitReportReporter -->
<testsuite hostname="DESKTOP-7HVNTQK" failures="0" tests="2" name="TestngPractice.Dataprovider05" time="0.037" errors="0" timestamp="2024-12-18T12:21:55 IST" skipped="0">
  <testcase classname="TestngPractice.Dataprovider05" name="BookTickets" time="0.030"/>
  <system-out/>
  <testcase classname="TestngPractice.Dataprovider05" name="BookTickets" time="0.007"/>
  <system-out/>
</testsuite> <!-- TestngPractice.Dataprovider05 -->
