<?xml version="1.0" encoding="UTF-8"?>
<!-- Generated by org.testng.reporters.JUnitReportReporter -->
<testsuite hostname="DESKTOP-7HVNTQK" failures="0" tests="2" name="TestngPractice.HardAssertex01" time="0.040" errors="0" timestamp="2024-12-11T08:18:23 IST" skipped="0">
  <testcase classname="TestngPractice.HardAssertex01" name="m1" time="0.031"/>
  <system-out/>
  <testcase classname="TestngPractice.HardAssertex01" name="m2" time="0.009"/>
  <system-out/>
</testsuite> <!-- TestngPractice.HardAssertex01 -->
