<?xml version="1.0" encoding="UTF-8"?>
<!-- Generated by org.testng.reporters.JUnitReportReporter -->
<testsuite hostname="DESKTOP-7HVNTQK" failures="0" tests="3" name="Testng.Dataproviderex2" time="109.301" errors="0" timestamp="2024-11-26T15:16:43 IST" skipped="0">
  <testcase classname="Testng.Dataproviderex2" name="organizationModuleTest" time="34.914"/>
  <system-out/>
  <testcase classname="Testng.Dataproviderex2" name="organizationModuleTest" time="39.895"/>
  <system-out/>
  <testcase classname="Testng.Dataproviderex2" name="organizationModuleTest" time="34.492"/>
  <system-out/>
</testsuite> <!-- Testng.Dataproviderex2 -->
