<?xml version="1.0" encoding="UTF-8"?>
<!-- Generated by org.testng.reporters.JUnitReportReporter -->
<testsuite hostname="DESKTOP-7HVNTQK" failures="0" tests="1" name="Product.CreateproductanddeleteproductTest" time="46.429" errors="0" timestamp="2024-12-20T12:23:34 IST" skipped="0">
  <testcase classname="Product.CreateproductanddeleteproductTest" name="CreateproductanddeleteproductTest" time="46.429"/>
  <system-out/>
</testsuite> <!-- Product.CreateproductanddeleteproductTest -->
