<?xml version="1.0" encoding="UTF-8"?>
<!-- Generated by org.testng.reporters.JUnitReportReporter -->
<testsuite hostname="DESKTOP-7HVNTQK" failures="0" tests="2" name="TestngPractice.Dataprovider06" time="0.027" errors="0" timestamp="2024-12-18T12:42:28 IST" skipped="0">
  <testcase classname="TestngPractice.Dataprovider06" name="testlogin" time="0.022"/>
  <system-out/>
  <testcase classname="TestngPractice.Dataprovider06" name="testlogin" time="0.005"/>
  <system-out/>
</testsuite> <!-- TestngPractice.Dataprovider06 -->
