<?xml version="1.0" encoding="UTF-8"?>
<!-- Generated by org.testng.reporters.JUnitReportReporter -->
<testsuite hostname="DESKTOP-7HVNTQK" failures="0" tests="7" name="Testng.Sampletest" time="0.060" errors="0" timestamp="2024-12-10T12:58:16 IST" skipped="0">
  <testcase classname="Testng.Sampletest" name="Deletecontact" time="0.004"/>
  <system-out/>
  <testcase classname="Testng.Sampletest" name="Modifycontact" time="0.003"/>
  <system-out/>
  <testcase classname="Testng.Sampletest" name="Modifycontact" time="0.002"/>
  <system-out/>
  <testcase classname="Testng.Sampletest" name="Deletecontact" time="0.029"/>
  <system-out/>
  <testcase classname="Testng.Sampletest" name="Modifycontact" time="0.008"/>
  <system-out/>
  <testcase classname="Testng.Sampletest" name="createcontact" time="0.009"/>
  <system-out/>
  <testcase classname="Testng.Sampletest" name="createcontact" time="0.005"/>
  <system-out/>
</testsuite> <!-- Testng.Sampletest -->
