<?xml version="1.0" encoding="UTF-8"?>
<!-- Generated by org.testng.reporters.JUnitReportReporter -->
<testsuite hostname="DESKTOP-7HVNTQK" failures="0" tests="1" name="CreateCampaign.CreateCampaignandProductTest" time="63.787" errors="0" timestamp="2024-12-09T15:31:58 IST" skipped="0">
  <testcase classname="CreateCampaign.CreateCampaignandProductTest" name="CreateCampaignandProductTest" time="63.787"/>
  <system-out/>
</testsuite> <!-- CreateCampaign.CreateCampaignandProductTest -->
